
  .   ____          _            __ _ _
 /\\ / ___'_ __ _ _(_)_ __  __ _ \ \ \ \
( ( )\___ | '_ | '_| | '_ \/ _` | \ \ \ \
 \\/  ___)| |_)| | | | | || (_| |  ) ) ) )
  '  |____| .__|_| |_|_| |_\__, | / / / /
 =========|_|==============|___/=/_/_/_/

 :: Spring Boot ::                (v3.5.5)

2026-02-13T13:09:33.234+05:30  INFO 27895 --- [bookurmedical] [           main] c.b.BookurmedicalApplication             : Starting BookurmedicalApplication v0.0.1-SNAPSHOT using Java 21.0.4 with PID 27895 (/Users/ramachandran/git/bookurmedical/backend/target/bookurmedical-0.0.1-SNAPSHOT.jar started by ramachandran in /Users/ramachandran/git/bookurmedical/backend)
2026-02-13T13:09:33.235+05:30  INFO 27895 --- [bookurmedical] [           main] c.b.BookurmedicalApplication             : No active profile set, falling back to 1 default profile: "default"
2026-02-13T13:09:33.658+05:30  INFO 27895 --- [bookurmedical] [           main] .s.d.r.c.RepositoryConfigurationDelegate : Bootstrapping Spring Data MongoDB repositories in DEFAULT mode.
2026-02-13T13:09:33.705+05:30  INFO 27895 --- [bookurmedical] [           main] .s.d.r.c.RepositoryConfigurationDelegate : Finished Spring Data repository scanning in 43 ms. Found 2 MongoDB repository interfaces.
2026-02-13T13:09:34.039+05:30  INFO 27895 --- [bookurmedical] [           main] o.s.b.w.embedded.tomcat.TomcatWebServer  : Tomcat initialized with port 8081 (http)
2026-02-13T13:09:34.053+05:30  INFO 27895 --- [bookurmedical] [           main] o.apache.catalina.core.StandardService   : Starting service [Tomcat]
2026-02-13T13:09:34.053+05:30  INFO 27895 --- [bookurmedical] [           main] o.apache.catalina.core.StandardEngine    : Starting Servlet engine: [Apache Tomcat/10.1.44]
2026-02-13T13:09:34.078+05:30  INFO 27895 --- [bookurmedical] [           main] o.a.c.c.C.[.[localhost].[/services]      : Initializing Spring embedded WebApplicationContext
2026-02-13T13:09:34.079+05:30  INFO 27895 --- [bookurmedical] [           main] w.s.c.ServletWebServerApplicationContext : Root WebApplicationContext: initialization completed in 808 ms
2026-02-13T13:09:34.252+05:30  INFO 27895 --- [bookurmedical] [i6f.mongodb.net] org.mongodb.driver.cluster               : Adding discovered server medicaltourism-shard-00-02.wopi6f.mongodb.net:27017 to client view of cluster
2026-02-13T13:09:34.260+05:30  INFO 27895 --- [bookurmedical] [           main] org.mongodb.driver.client                : MongoClient with metadata {"application": {"name": "MedicalTourism"}, "driver": {"name": "mongo-java-driver|sync|spring-boot", "version": "5.5.1"}, "os": {"type": "Darwin", "name": "Mac OS X", "architecture": "aarch64", "version": "26.2"}, "platform": "Java/Oracle Corporation/21.0.4+8-LTS-274"} created with settings MongoClientSettings{readPreference=primary, writeConcern=WriteConcern{w=majority, wTimeout=null ms, journal=null}, retryWrites=true, retryReads=true, readConcern=ReadConcern{level=null}, credential=MongoCredential{mechanism=null, userName='MedicalTourism_db_user', source='admin', password=<hidden>, mechanismProperties=<hidden>}, transportSettings=null, commandListeners=[], codecRegistry=ProvidersCodecRegistry{codecProviders=[ValueCodecProvider{}, BsonValueCodecProvider{}, DBRefCodecProvider{}, DBObjectCodecProvider{}, DocumentCodecProvider{}, CollectionCodecProvider{}, IterableCodecProvider{}, MapCodecProvider{}, GeoJsonCodecProvider{}, GridFSFileCodecProvider{}, Jsr310CodecProvider{}, JsonObjectCodecProvider{}, BsonCodecProvider{}, EnumCodecProvider{}, com.mongodb.client.model.mql.ExpressionCodecProvider@991cbde, com.mongodb.Jep395RecordCodecProvider@78d71df1, com.mongodb.KotlinCodecProvider@456bcb74]}, loggerSettings=LoggerSettings{maxDocumentLength=1000}, clusterSettings={hosts=[127.0.0.1:27017], srvHost=medicaltourism.wopi6f.mongodb.net, srvServiceName=mongodb, mode=MULTIPLE, requiredClusterType=REPLICA_SET, requiredReplicaSetName='atlas-13r7ne-shard-0', serverSelector='null', clusterListeners='[]', serverSelectionTimeout='30000 ms', localThreshold='15 ms'}, socketSettings=SocketSettings{connectTimeoutMS=10000, readTimeoutMS=0, receiveBufferSize=0, proxySettings=ProxySettings{host=null, port=null, username=null, password=null}}, heartbeatSocketSettings=SocketSettings{connectTimeoutMS=10000, readTimeoutMS=10000, receiveBufferSize=0, proxySettings=ProxySettings{host=null, port=null, username=null, password=null}}, connectionPoolSettings=ConnectionPoolSettings{maxSize=100, minSize=0, maxWaitTimeMS=120000, maxConnectionLifeTimeMS=0, maxConnectionIdleTimeMS=0, maintenanceInitialDelayMS=0, maintenanceFrequencyMS=60000, connectionPoolListeners=[], maxConnecting=2}, serverSettings=ServerSettings{heartbeatFrequencyMS=10000, minHeartbeatFrequencyMS=500, serverMonitoringMode=AUTO, serverListeners='[]', serverMonitorListeners='[]'}, sslSettings=SslSettings{enabled=true, invalidHostNameAllowed=false, context=null}, applicationName='MedicalTourism', compressorList=[], uuidRepresentation=JAVA_LEGACY, serverApi=null, autoEncryptionSettings=null, dnsClient=null, inetAddressResolver=null, contextProvider=null, timeoutMS=null}
2026-02-13T13:09:34.266+05:30  INFO 27895 --- [bookurmedical] [i6f.mongodb.net] org.mongodb.driver.cluster               : Adding discovered server medicaltourism-shard-00-00.wopi6f.mongodb.net:27017 to client view of cluster
2026-02-13T13:09:34.269+05:30  INFO 27895 --- [bookurmedical] [i6f.mongodb.net] org.mongodb.driver.cluster               : Adding discovered server medicaltourism-shard-00-01.wopi6f.mongodb.net:27017 to client view of cluster
2026-02-13T13:09:34.552+05:30  INFO 27895 --- [bookurmedical] [           main] eAuthenticationProviderManagerConfigurer : Global AuthenticationManager configured with AuthenticationProvider bean with name authenticationProvider
2026-02-13T13:09:34.553+05:30  WARN 27895 --- [bookurmedical] [           main] r$InitializeUserDetailsManagerConfigurer : Global AuthenticationManager configured with an AuthenticationProvider bean. UserDetailsService beans will not be used by Spring Security for automatically configuring username/password login. Consider removing the AuthenticationProvider bean. Alternatively, consider using the UserDetailsService in a manually instantiated DaoAuthenticationProvider. If the current configuration is intentional, to turn off this warning, increase the logging level of 'org.springframework.security.config.annotation.authentication.configuration.InitializeUserDetailsBeanManagerConfigurer' to ERROR
2026-02-13T13:09:35.287+05:30  INFO 27895 --- [bookurmedical] [           main] o.s.b.w.embedded.tomcat.TomcatWebServer  : Tomcat started on port 8081 (http) with context path '/services'
2026-02-13T13:09:35.311+05:30  INFO 27895 --- [bookurmedical] [           main] c.b.BookurmedicalApplication             : Started BookurmedicalApplication in 2.359 seconds (process running for 2.718)
2026-02-13T13:09:35.556+05:30  INFO 27895 --- [bookurmedical] [ngodb.net:27017] org.mongodb.driver.cluster               : Monitor thread successfully connected to server with description ServerDescription{address=medicaltourism-shard-00-02.wopi6f.mongodb.net:27017, type=REPLICA_SET_SECONDARY, cryptd=false, state=CONNECTED, ok=true, minWireVersion=0, maxWireVersion=25, maxDocumentSize=16777216, logicalSessionTimeoutMinutes=30, roundTripTimeNanos=882138583, minRoundTripTimeNanos=0, setName='atlas-13r7ne-shard-0', canonicalAddress=medicaltourism-shard-00-02.wopi6f.mongodb.net:27017, hosts=[medicaltourism-shard-00-02.wopi6f.mongodb.net:27017, medicaltourism-shard-00-00.wopi6f.mongodb.net:27017, medicaltourism-shard-00-01.wopi6f.mongodb.net:27017], passives=[], arbiters=[], primary='medicaltourism-shard-00-01.wopi6f.mongodb.net:27017', tagSet=TagSet{[Tag{name='availabilityZone', value='europe-west2-c'}, Tag{name='diskState', value='READY'}, Tag{name='nodeType', value='ELECTABLE'}, Tag{name='provider', value='GCP'}, Tag{name='region', value='EUROPE_WEST_2'}, Tag{name='workloadType', value='OPERATIONAL'}]}, electionId=null, setVersion=1, topologyVersion=TopologyVersion{processId=6988b8706347394a664c29d4, counter=3}, lastWriteDate=Fri Feb 13 13:09:33 IST 2026, lastUpdateTimeNanos=51481683552666}
2026-02-13T13:09:35.556+05:30  INFO 27895 --- [bookurmedical] [ngodb.net:27017] org.mongodb.driver.cluster               : Monitor thread successfully connected to server with description ServerDescription{address=medicaltourism-shard-00-01.wopi6f.mongodb.net:27017, type=REPLICA_SET_PRIMARY, cryptd=false, state=CONNECTED, ok=true, minWireVersion=0, maxWireVersion=25, maxDocumentSize=16777216, logicalSessionTimeoutMinutes=30, roundTripTimeNanos=879278000, minRoundTripTimeNanos=0, setName='atlas-13r7ne-shard-0', canonicalAddress=medicaltourism-shard-00-01.wopi6f.mongodb.net:27017, hosts=[medicaltourism-shard-00-02.wopi6f.mongodb.net:27017, medicaltourism-shard-00-00.wopi6f.mongodb.net:27017, medicaltourism-shard-00-01.wopi6f.mongodb.net:27017], passives=[], arbiters=[], primary='medicaltourism-shard-00-01.wopi6f.mongodb.net:27017', tagSet=TagSet{[Tag{name='availabilityZone', value='europe-west2-b'}, Tag{name='diskState', value='READY'}, Tag{name='nodeType', value='ELECTABLE'}, Tag{name='provider', value='GCP'}, Tag{name='region', value='EUROPE_WEST_2'}, Tag{name='workloadType', value='OPERATIONAL'}]}, electionId=7fffffff0000000000000003, setVersion=1, topologyVersion=TopologyVersion{processId=6988b8484d1c8e18d9cca86f, counter=6}, lastWriteDate=Fri Feb 13 13:09:33 IST 2026, lastUpdateTimeNanos=51481683551625}
2026-02-13T13:09:35.557+05:30  INFO 27895 --- [bookurmedical] [ngodb.net:27017] org.mongodb.driver.cluster               : Monitor thread successfully connected to server with description ServerDescription{address=medicaltourism-shard-00-00.wopi6f.mongodb.net:27017, type=REPLICA_SET_SECONDARY, cryptd=false, state=CONNECTED, ok=true, minWireVersion=0, maxWireVersion=25, maxDocumentSize=16777216, logicalSessionTimeoutMinutes=30, roundTripTimeNanos=887263250, minRoundTripTimeNanos=0, setName='atlas-13r7ne-shard-0', canonicalAddress=medicaltourism-shard-00-00.wopi6f.mongodb.net:27017, hosts=[medicaltourism-shard-00-02.wopi6f.mongodb.net:27017, medicaltourism-shard-00-00.wopi6f.mongodb.net:27017, medicaltourism-shard-00-01.wopi6f.mongodb.net:27017], passives=[], arbiters=[], primary='medicaltourism-shard-00-01.wopi6f.mongodb.net:27017', tagSet=TagSet{[Tag{name='availabilityZone', value='europe-west2-a'}, Tag{name='diskState', value='READY'}, Tag{name='nodeType', value='ELECTABLE'}, Tag{name='provider', value='GCP'}, Tag{name='region', value='EUROPE_WEST_2'}, Tag{name='workloadType', value='OPERATIONAL'}]}, electionId=null, setVersion=1, topologyVersion=TopologyVersion{processId=6988b821dd903f403d0c935f, counter=4}, lastWriteDate=Fri Feb 13 13:09:33 IST 2026, lastUpdateTimeNanos=51481687173666}
2026-02-13T13:09:35.559+05:30  INFO 27895 --- [bookurmedical] [ngodb.net:27017] org.mongodb.driver.cluster               : Discovered replica set primary medicaltourism-shard-00-01.wopi6f.mongodb.net:27017 with max election id 7fffffff0000000000000003 and max set version 1
2026-02-13T13:18:49.159+05:30  INFO 27895 --- [bookurmedical] [nio-8081-exec-1] o.a.c.c.C.[.[localhost].[/services]      : Initializing Spring DispatcherServlet 'dispatcherServlet'
2026-02-13T13:18:49.163+05:30  INFO 27895 --- [bookurmedical] [nio-8081-exec-1] o.s.web.servlet.DispatcherServlet        : Initializing Servlet 'dispatcherServlet'
2026-02-13T13:18:49.194+05:30  INFO 27895 --- [bookurmedical] [nio-8081-exec-1] o.s.web.servlet.DispatcherServlet        : Completed initialization in 30 ms
2026-02-13T13:55:38.834+05:30  INFO 27895 --- [bookurmedical] [ngodb.net:27017] org.mongodb.driver.cluster               : Exception in monitor thread while connecting to server medicaltourism-shard-00-02.wopi6f.mongodb.net:27017

com.mongodb.MongoSocketReadTimeoutException: Timeout while receiving message
	at com.mongodb.internal.connection.InternalStreamConnection.createReadTimeoutException(InternalStreamConnection.java:819) ~[mongodb-driver-core-5.5.1.jar!/:na]
	at com.mongodb.internal.connection.InternalStreamConnection.translateReadException(InternalStreamConnection.java:807) ~[mongodb-driver-core-5.5.1.jar!/:na]
	at com.mongodb.internal.connection.InternalStreamConnection.receiveResponseBuffers(InternalStreamConnection.java:857) ~[mongodb-driver-core-5.5.1.jar!/:na]
	at com.mongodb.internal.connection.InternalStreamConnection.receiveCommandMessageResponse(InternalStreamConnection.java:517) ~[mongodb-driver-core-5.5.1.jar!/:na]
	at com.mongodb.internal.connection.InternalStreamConnection.receive(InternalStreamConnection.java:469) ~[mongodb-driver-core-5.5.1.jar!/:na]
	at com.mongodb.internal.connection.DefaultServerMonitor$ServerMonitor.lookupServerDescription(DefaultServerMonitor.java:249) ~[mongodb-driver-core-5.5.1.jar!/:na]
	at com.mongodb.internal.connection.DefaultServerMonitor$ServerMonitor.run(DefaultServerMonitor.java:176) ~[mongodb-driver-core-5.5.1.jar!/:na]
Caused by: java.net.SocketTimeoutException: Read timed out
	at java.base/sun.nio.ch.NioSocketImpl.timedRead(NioSocketImpl.java:278) ~[na:na]
	at java.base/sun.nio.ch.NioSocketImpl.implRead(NioSocketImpl.java:304) ~[na:na]
	at java.base/sun.nio.ch.NioSocketImpl.read(NioSocketImpl.java:346) ~[na:na]
	at java.base/sun.nio.ch.NioSocketImpl$1.read(NioSocketImpl.java:796) ~[na:na]
	at java.base/java.net.Socket$SocketInputStream.read(Socket.java:1099) ~[na:na]
	at java.base/sun.security.ssl.SSLSocketInputRecord.read(SSLSocketInputRecord.java:489) ~[na:na]
	at java.base/sun.security.ssl.SSLSocketInputRecord.readHeader(SSLSocketInputRecord.java:483) ~[na:na]
	at java.base/sun.security.ssl.SSLSocketInputRecord.bytesInCompletePacket(SSLSocketInputRecord.java:70) ~[na:na]
	at java.base/sun.security.ssl.SSLSocketImpl.readApplicationRecord(SSLSocketImpl.java:1461) ~[na:na]
	at java.base/sun.security.ssl.SSLSocketImpl$AppInputStream.read(SSLSocketImpl.java:1066) ~[na:na]
	at com.mongodb.internal.connection.SocketStream.read(SocketStream.java:182) ~[mongodb-driver-core-5.5.1.jar!/:na]
	at com.mongodb.internal.connection.InternalStreamConnection.receiveResponseBuffers(InternalStreamConnection.java:824) ~[mongodb-driver-core-5.5.1.jar!/:na]
	... 4 common frames omitted

2026-02-13T13:55:38.834+05:30  INFO 27895 --- [bookurmedical] [ngodb.net:27017] org.mongodb.driver.cluster               : Exception in monitor thread while connecting to server medicaltourism-shard-00-01.wopi6f.mongodb.net:27017

com.mongodb.MongoSocketReadTimeoutException: Timeout while receiving message
	at com.mongodb.internal.connection.InternalStreamConnection.createReadTimeoutException(InternalStreamConnection.java:819) ~[mongodb-driver-core-5.5.1.jar!/:na]
	at com.mongodb.internal.connection.InternalStreamConnection.translateReadException(InternalStreamConnection.java:807) ~[mongodb-driver-core-5.5.1.jar!/:na]
	at com.mongodb.internal.connection.InternalStreamConnection.receiveResponseBuffers(InternalStreamConnection.java:857) ~[mongodb-driver-core-5.5.1.jar!/:na]
	at com.mongodb.internal.connection.InternalStreamConnection.receiveCommandMessageResponse(InternalStreamConnection.java:517) ~[mongodb-driver-core-5.5.1.jar!/:na]
	at com.mongodb.internal.connection.InternalStreamConnection.receive(InternalStreamConnection.java:469) ~[mongodb-driver-core-5.5.1.jar!/:na]
	at com.mongodb.internal.connection.DefaultServerMonitor$ServerMonitor.lookupServerDescription(DefaultServerMonitor.java:249) ~[mongodb-driver-core-5.5.1.jar!/:na]
	at com.mongodb.internal.connection.DefaultServerMonitor$ServerMonitor.run(DefaultServerMonitor.java:176) ~[mongodb-driver-core-5.5.1.jar!/:na]
Caused by: java.net.SocketTimeoutException: Read timed out
	at java.base/sun.nio.ch.NioSocketImpl.timedRead(NioSocketImpl.java:278) ~[na:na]
	at java.base/sun.nio.ch.NioSocketImpl.implRead(NioSocketImpl.java:304) ~[na:na]
	at java.base/sun.nio.ch.NioSocketImpl.read(NioSocketImpl.java:346) ~[na:na]
	at java.base/sun.nio.ch.NioSocketImpl$1.read(NioSocketImpl.java:796) ~[na:na]
	at java.base/java.net.Socket$SocketInputStream.read(Socket.java:1099) ~[na:na]
	at java.base/sun.security.ssl.SSLSocketInputRecord.read(SSLSocketInputRecord.java:489) ~[na:na]
	at java.base/sun.security.ssl.SSLSocketInputRecord.readHeader(SSLSocketInputRecord.java:483) ~[na:na]
	at java.base/sun.security.ssl.SSLSocketInputRecord.bytesInCompletePacket(SSLSocketInputRecord.java:70) ~[na:na]
	at java.base/sun.security.ssl.SSLSocketImpl.readApplicationRecord(SSLSocketImpl.java:1461) ~[na:na]
	at java.base/sun.security.ssl.SSLSocketImpl$AppInputStream.read(SSLSocketImpl.java:1066) ~[na:na]
	at com.mongodb.internal.connection.SocketStream.read(SocketStream.java:182) ~[mongodb-driver-core-5.5.1.jar!/:na]
	at com.mongodb.internal.connection.InternalStreamConnection.receiveResponseBuffers(InternalStreamConnection.java:824) ~[mongodb-driver-core-5.5.1.jar!/:na]
	... 4 common frames omitted

2026-02-13T13:55:38.834+05:30  INFO 27895 --- [bookurmedical] [ngodb.net:27017] org.mongodb.driver.cluster               : Exception in monitor thread while connecting to server medicaltourism-shard-00-00.wopi6f.mongodb.net:27017

com.mongodb.MongoSocketReadTimeoutException: Timeout while receiving message
	at com.mongodb.internal.connection.InternalStreamConnection.createReadTimeoutException(InternalStreamConnection.java:819) ~[mongodb-driver-core-5.5.1.jar!/:na]
	at com.mongodb.internal.connection.InternalStreamConnection.translateReadException(InternalStreamConnection.java:807) ~[mongodb-driver-core-5.5.1.jar!/:na]
	at com.mongodb.internal.connection.InternalStreamConnection.receiveResponseBuffers(InternalStreamConnection.java:857) ~[mongodb-driver-core-5.5.1.jar!/:na]
	at com.mongodb.internal.connection.InternalStreamConnection.receiveCommandMessageResponse(InternalStreamConnection.java:517) ~[mongodb-driver-core-5.5.1.jar!/:na]
	at com.mongodb.internal.connection.InternalStreamConnection.receive(InternalStreamConnection.java:469) ~[mongodb-driver-core-5.5.1.jar!/:na]
	at com.mongodb.internal.connection.DefaultServerMonitor$ServerMonitor.lookupServerDescription(DefaultServerMonitor.java:249) ~[mongodb-driver-core-5.5.1.jar!/:na]
	at com.mongodb.internal.connection.DefaultServerMonitor$ServerMonitor.run(DefaultServerMonitor.java:176) ~[mongodb-driver-core-5.5.1.jar!/:na]
Caused by: java.net.SocketTimeoutException: Read timed out
	at java.base/sun.nio.ch.NioSocketImpl.timedRead(NioSocketImpl.java:278) ~[na:na]
	at java.base/sun.nio.ch.NioSocketImpl.implRead(NioSocketImpl.java:304) ~[na:na]
	at java.base/sun.nio.ch.NioSocketImpl.read(NioSocketImpl.java:346) ~[na:na]
	at java.base/sun.nio.ch.NioSocketImpl$1.read(NioSocketImpl.java:796) ~[na:na]
	at java.base/java.net.Socket$SocketInputStream.read(Socket.java:1099) ~[na:na]
	at java.base/sun.security.ssl.SSLSocketInputRecord.read(SSLSocketInputRecord.java:489) ~[na:na]
	at java.base/sun.security.ssl.SSLSocketInputRecord.readHeader(SSLSocketInputRecord.java:483) ~[na:na]
	at java.base/sun.security.ssl.SSLSocketInputRecord.bytesInCompletePacket(SSLSocketInputRecord.java:70) ~[na:na]
	at java.base/sun.security.ssl.SSLSocketImpl.readApplicationRecord(SSLSocketImpl.java:1461) ~[na:na]
	at java.base/sun.security.ssl.SSLSocketImpl$AppInputStream.read(SSLSocketImpl.java:1066) ~[na:na]
	at com.mongodb.internal.connection.SocketStream.read(SocketStream.java:182) ~[mongodb-driver-core-5.5.1.jar!/:na]
	at com.mongodb.internal.connection.InternalStreamConnection.receiveResponseBuffers(InternalStreamConnection.java:824) ~[mongodb-driver-core-5.5.1.jar!/:na]
	... 4 common frames omitted

2026-02-13T13:55:39.110+05:30  INFO 27895 --- [bookurmedical] [ngodb.net:27017] org.mongodb.driver.cluster               : Exception in monitor thread while connecting to server medicaltourism-shard-00-01.wopi6f.mongodb.net:27017

com.mongodb.MongoSocketException: medicaltourism-shard-00-01.wopi6f.mongodb.net: nodename nor servname provided, or not known
	at com.mongodb.internal.connection.ServerAddressHelper.getSocketAddresses(ServerAddressHelper.java:75) ~[mongodb-driver-core-5.5.1.jar!/:na]
	at com.mongodb.internal.connection.SocketStream.initializeSocket(SocketStream.java:100) ~[mongodb-driver-core-5.5.1.jar!/:na]
	at com.mongodb.internal.connection.SocketStream.open(SocketStream.java:79) ~[mongodb-driver-core-5.5.1.jar!/:na]
	at com.mongodb.internal.connection.InternalStreamConnection.open(InternalStreamConnection.java:233) ~[mongodb-driver-core-5.5.1.jar!/:na]
	at com.mongodb.internal.connection.DefaultServerMonitor$ServerMonitor.lookupServerDescription(DefaultServerMonitor.java:219) ~[mongodb-driver-core-5.5.1.jar!/:na]
	at com.mongodb.internal.connection.DefaultServerMonitor$ServerMonitor.run(DefaultServerMonitor.java:176) ~[mongodb-driver-core-5.5.1.jar!/:na]
Caused by: java.net.UnknownHostException: medicaltourism-shard-00-01.wopi6f.mongodb.net: nodename nor servname provided, or not known
	at java.base/java.net.Inet6AddressImpl.lookupAllHostAddr(Native Method) ~[na:na]
	at java.base/java.net.Inet6AddressImpl.lookupAllHostAddr(Inet6AddressImpl.java:52) ~[na:na]
	at java.base/java.net.InetAddress$PlatformResolver.lookupByName(InetAddress.java:1211) ~[na:na]
	at java.base/java.net.InetAddress.getAddressesFromNameService(InetAddress.java:1828) ~[na:na]
	at java.base/java.net.InetAddress$NameServiceAddresses.get(InetAddress.java:1139) ~[na:na]
	at java.base/java.net.InetAddress.getAllByName0(InetAddress.java:1818) ~[na:na]
	at java.base/java.net.InetAddress.getAllByName(InetAddress.java:1688) ~[na:na]
	at com.mongodb.internal.connection.DefaultInetAddressResolver.lookupByName(DefaultInetAddressResolver.java:34) ~[mongodb-driver-core-5.5.1.jar!/:na]
	at com.mongodb.internal.connection.ServerAddressHelper.getSocketAddresses(ServerAddressHelper.java:71) ~[mongodb-driver-core-5.5.1.jar!/:na]
	... 5 common frames omitted

2026-02-13T13:55:39.110+05:30  INFO 27895 --- [bookurmedical] [ngodb.net:27017] org.mongodb.driver.cluster               : Exception in monitor thread while connecting to server medicaltourism-shard-00-00.wopi6f.mongodb.net:27017

com.mongodb.MongoSocketException: medicaltourism-shard-00-00.wopi6f.mongodb.net: nodename nor servname provided, or not known
	at com.mongodb.internal.connection.ServerAddressHelper.getSocketAddresses(ServerAddressHelper.java:75) ~[mongodb-driver-core-5.5.1.jar!/:na]
	at com.mongodb.internal.connection.SocketStream.initializeSocket(SocketStream.java:100) ~[mongodb-driver-core-5.5.1.jar!/:na]
	at com.mongodb.internal.connection.SocketStream.open(SocketStream.java:79) ~[mongodb-driver-core-5.5.1.jar!/:na]
	at com.mongodb.internal.connection.InternalStreamConnection.open(InternalStreamConnection.java:233) ~[mongodb-driver-core-5.5.1.jar!/:na]
	at com.mongodb.internal.connection.DefaultServerMonitor$ServerMonitor.lookupServerDescription(DefaultServerMonitor.java:219) ~[mongodb-driver-core-5.5.1.jar!/:na]
	at com.mongodb.internal.connection.DefaultServerMonitor$ServerMonitor.run(DefaultServerMonitor.java:176) ~[mongodb-driver-core-5.5.1.jar!/:na]
Caused by: java.net.UnknownHostException: medicaltourism-shard-00-00.wopi6f.mongodb.net: nodename nor servname provided, or not known
	at java.base/java.net.Inet6AddressImpl.lookupAllHostAddr(Native Method) ~[na:na]
	at java.base/java.net.Inet6AddressImpl.lookupAllHostAddr(Inet6AddressImpl.java:52) ~[na:na]
	at java.base/java.net.InetAddress$PlatformResolver.lookupByName(InetAddress.java:1211) ~[na:na]
	at java.base/java.net.InetAddress.getAddressesFromNameService(InetAddress.java:1828) ~[na:na]
	at java.base/java.net.InetAddress$NameServiceAddresses.get(InetAddress.java:1139) ~[na:na]
	at java.base/java.net.InetAddress.getAllByName0(InetAddress.java:1818) ~[na:na]
	at java.base/java.net.InetAddress.getAllByName(InetAddress.java:1688) ~[na:na]
	at com.mongodb.internal.connection.DefaultInetAddressResolver.lookupByName(DefaultInetAddressResolver.java:34) ~[mongodb-driver-core-5.5.1.jar!/:na]
	at com.mongodb.internal.connection.ServerAddressHelper.getSocketAddresses(ServerAddressHelper.java:71) ~[mongodb-driver-core-5.5.1.jar!/:na]
	... 5 common frames omitted

2026-02-13T13:55:39.110+05:30  INFO 27895 --- [bookurmedical] [ngodb.net:27017] org.mongodb.driver.cluster               : Exception in monitor thread while connecting to server medicaltourism-shard-00-02.wopi6f.mongodb.net:27017

com.mongodb.MongoSocketException: medicaltourism-shard-00-02.wopi6f.mongodb.net: nodename nor servname provided, or not known
	at com.mongodb.internal.connection.ServerAddressHelper.getSocketAddresses(ServerAddressHelper.java:75) ~[mongodb-driver-core-5.5.1.jar!/:na]
	at com.mongodb.internal.connection.SocketStream.initializeSocket(SocketStream.java:100) ~[mongodb-driver-core-5.5.1.jar!/:na]
	at com.mongodb.internal.connection.SocketStream.open(SocketStream.java:79) ~[mongodb-driver-core-5.5.1.jar!/:na]
	at com.mongodb.internal.connection.InternalStreamConnection.open(InternalStreamConnection.java:233) ~[mongodb-driver-core-5.5.1.jar!/:na]
	at com.mongodb.internal.connection.DefaultServerMonitor$ServerMonitor.lookupServerDescription(DefaultServerMonitor.java:219) ~[mongodb-driver-core-5.5.1.jar!/:na]
	at com.mongodb.internal.connection.DefaultServerMonitor$ServerMonitor.run(DefaultServerMonitor.java:176) ~[mongodb-driver-core-5.5.1.jar!/:na]
Caused by: java.net.UnknownHostException: medicaltourism-shard-00-02.wopi6f.mongodb.net: nodename nor servname provided, or not known
	at java.base/java.net.Inet6AddressImpl.lookupAllHostAddr(Native Method) ~[na:na]
	at java.base/java.net.Inet6AddressImpl.lookupAllHostAddr(Inet6AddressImpl.java:52) ~[na:na]
	at java.base/java.net.InetAddress$PlatformResolver.lookupByName(InetAddress.java:1211) ~[na:na]
	at java.base/java.net.InetAddress.getAddressesFromNameService(InetAddress.java:1828) ~[na:na]
	at java.base/java.net.InetAddress$NameServiceAddresses.get(InetAddress.java:1139) ~[na:na]
	at java.base/java.net.InetAddress.getAllByName0(InetAddress.java:1818) ~[na:na]
	at java.base/java.net.InetAddress.getAllByName(InetAddress.java:1688) ~[na:na]
	at com.mongodb.internal.connection.DefaultInetAddressResolver.lookupByName(DefaultInetAddressResolver.java:34) ~[mongodb-driver-core-5.5.1.jar!/:na]
	at com.mongodb.internal.connection.ServerAddressHelper.getSocketAddresses(ServerAddressHelper.java:71) ~[mongodb-driver-core-5.5.1.jar!/:na]
	... 5 common frames omitted

2026-02-13T13:56:19.152+05:30  INFO 27895 --- [bookurmedical] [ngodb.net:27017] org.mongodb.driver.cluster               : Exception in monitor thread while connecting to server medicaltourism-shard-00-02.wopi6f.mongodb.net:27017

com.mongodb.MongoSocketException: medicaltourism-shard-00-02.wopi6f.mongodb.net
	at com.mongodb.internal.connection.ServerAddressHelper.getSocketAddresses(ServerAddressHelper.java:75) ~[mongodb-driver-core-5.5.1.jar!/:na]
	at com.mongodb.internal.connection.SocketStream.initializeSocket(SocketStream.java:100) ~[mongodb-driver-core-5.5.1.jar!/:na]
	at com.mongodb.internal.connection.SocketStream.open(SocketStream.java:79) ~[mongodb-driver-core-5.5.1.jar!/:na]
	at com.mongodb.internal.connection.InternalStreamConnection.open(InternalStreamConnection.java:233) ~[mongodb-driver-core-5.5.1.jar!/:na]
	at com.mongodb.internal.connection.DefaultServerMonitor$ServerMonitor.lookupServerDescription(DefaultServerMonitor.java:219) ~[mongodb-driver-core-5.5.1.jar!/:na]
	at com.mongodb.internal.connection.DefaultServerMonitor$ServerMonitor.run(DefaultServerMonitor.java:176) ~[mongodb-driver-core-5.5.1.jar!/:na]
Caused by: java.net.UnknownHostException: medicaltourism-shard-00-02.wopi6f.mongodb.net
	at java.base/java.net.InetAddress$CachedLookup.get(InetAddress.java:988) ~[na:na]
	at java.base/java.net.InetAddress.getAllByName0(InetAddress.java:1818) ~[na:na]
	at java.base/java.net.InetAddress.getAllByName(InetAddress.java:1688) ~[na:na]
	at com.mongodb.internal.connection.DefaultInetAddressResolver.lookupByName(DefaultInetAddressResolver.java:34) ~[mongodb-driver-core-5.5.1.jar!/:na]
	at com.mongodb.internal.connection.ServerAddressHelper.getSocketAddresses(ServerAddressHelper.java:71) ~[mongodb-driver-core-5.5.1.jar!/:na]
	... 5 common frames omitted

2026-02-13T13:56:20.152+05:30  INFO 27895 --- [bookurmedical] [ngodb.net:27017] org.mongodb.driver.cluster               : Monitor thread successfully connected to server with description ServerDescription{address=medicaltourism-shard-00-01.wopi6f.mongodb.net:27017, type=REPLICA_SET_PRIMARY, cryptd=false, state=CONNECTED, ok=true, minWireVersion=0, maxWireVersion=25, maxDocumentSize=16777216, logicalSessionTimeoutMinutes=30, roundTripTimeNanos=493701583, minRoundTripTimeNanos=0, setName='atlas-13r7ne-shard-0', canonicalAddress=medicaltourism-shard-00-01.wopi6f.mongodb.net:27017, hosts=[medicaltourism-shard-00-02.wopi6f.mongodb.net:27017, medicaltourism-shard-00-00.wopi6f.mongodb.net:27017, medicaltourism-shard-00-01.wopi6f.mongodb.net:27017], passives=[], arbiters=[], primary='medicaltourism-shard-00-01.wopi6f.mongodb.net:27017', tagSet=TagSet{[Tag{name='availabilityZone', value='europe-west2-b'}, Tag{name='diskState', value='READY'}, Tag{name='nodeType', value='ELECTABLE'}, Tag{name='provider', value='GCP'}, Tag{name='region', value='EUROPE_WEST_2'}, Tag{name='workloadType', value='OPERATIONAL'}]}, electionId=7fffffff0000000000000003, setVersion=1, topologyVersion=TopologyVersion{processId=6988b8484d1c8e18d9cca86f, counter=6}, lastWriteDate=Fri Feb 13 13:56:13 IST 2026, lastUpdateTimeNanos=54286274364125}
2026-02-13T13:56:20.152+05:30  INFO 27895 --- [bookurmedical] [ngodb.net:27017] org.mongodb.driver.cluster               : Monitor thread successfully connected to server with description ServerDescription{address=medicaltourism-shard-00-00.wopi6f.mongodb.net:27017, type=REPLICA_SET_SECONDARY, cryptd=false, state=CONNECTED, ok=true, minWireVersion=0, maxWireVersion=25, maxDocumentSize=16777216, logicalSessionTimeoutMinutes=30, roundTripTimeNanos=502038166, minRoundTripTimeNanos=0, setName='atlas-13r7ne-shard-0', canonicalAddress=medicaltourism-shard-00-00.wopi6f.mongodb.net:27017, hosts=[medicaltourism-shard-00-02.wopi6f.mongodb.net:27017, medicaltourism-shard-00-00.wopi6f.mongodb.net:27017, medicaltourism-shard-00-01.wopi6f.mongodb.net:27017], passives=[], arbiters=[], primary='medicaltourism-shard-00-01.wopi6f.mongodb.net:27017', tagSet=TagSet{[Tag{name='availabilityZone', value='europe-west2-a'}, Tag{name='diskState', value='READY'}, Tag{name='nodeType', value='ELECTABLE'}, Tag{name='provider', value='GCP'}, Tag{name='region', value='EUROPE_WEST_2'}, Tag{name='workloadType', value='OPERATIONAL'}]}, electionId=null, setVersion=1, topologyVersion=TopologyVersion{processId=6988b821dd903f403d0c935f, counter=4}, lastWriteDate=Fri Feb 13 13:56:13 IST 2026, lastUpdateTimeNanos=54286282721750}
2026-02-13T13:56:20.159+05:30  INFO 27895 --- [bookurmedical] [ngodb.net:27017] org.mongodb.driver.cluster               : Discovered replica set primary medicaltourism-shard-00-01.wopi6f.mongodb.net:27017 with max election id 7fffffff0000000000000003 and max set version 1
2026-02-13T13:56:29.853+05:30  INFO 27895 --- [bookurmedical] [ngodb.net:27017] org.mongodb.driver.cluster               : Monitor thread successfully connected to server with description ServerDescription{address=medicaltourism-shard-00-02.wopi6f.mongodb.net:27017, type=REPLICA_SET_SECONDARY, cryptd=false, state=CONNECTED, ok=true, minWireVersion=0, maxWireVersion=25, maxDocumentSize=16777216, logicalSessionTimeoutMinutes=30, roundTripTimeNanos=453064125, minRoundTripTimeNanos=0, setName='atlas-13r7ne-shard-0', canonicalAddress=medicaltourism-shard-00-02.wopi6f.mongodb.net:27017, hosts=[medicaltourism-shard-00-02.wopi6f.mongodb.net:27017, medicaltourism-shard-00-00.wopi6f.mongodb.net:27017, medicaltourism-shard-00-01.wopi6f.mongodb.net:27017], passives=[], arbiters=[], primary='medicaltourism-shard-00-01.wopi6f.mongodb.net:27017', tagSet=TagSet{[Tag{name='availabilityZone', value='europe-west2-c'}, Tag{name='diskState', value='READY'}, Tag{name='nodeType', value='ELECTABLE'}, Tag{name='provider', value='GCP'}, Tag{name='region', value='EUROPE_WEST_2'}, Tag{name='workloadType', value='OPERATIONAL'}]}, electionId=null, setVersion=1, topologyVersion=TopologyVersion{processId=6988b8706347394a664c29d4, counter=3}, lastWriteDate=Fri Feb 13 13:56:23 IST 2026, lastUpdateTimeNanos=54295984491333}
2026-02-13T13:56:40.172+05:30  INFO 27895 --- [bookurmedical] [ngodb.net:27017] org.mongodb.driver.cluster               : Exception in monitor thread while connecting to server medicaltourism-shard-00-00.wopi6f.mongodb.net:27017

com.mongodb.MongoSocketReadTimeoutException: Timeout while receiving message
	at com.mongodb.internal.connection.InternalStreamConnection.createReadTimeoutException(InternalStreamConnection.java:819) ~[mongodb-driver-core-5.5.1.jar!/:na]
	at com.mongodb.internal.connection.InternalStreamConnection.translateReadException(InternalStreamConnection.java:807) ~[mongodb-driver-core-5.5.1.jar!/:na]
	at com.mongodb.internal.connection.InternalStreamConnection.receiveResponseBuffers(InternalStreamConnection.java:857) ~[mongodb-driver-core-5.5.1.jar!/:na]
	at com.mongodb.internal.connection.InternalStreamConnection.receiveCommandMessageResponse(InternalStreamConnection.java:517) ~[mongodb-driver-core-5.5.1.jar!/:na]
	at com.mongodb.internal.connection.InternalStreamConnection.receive(InternalStreamConnection.java:469) ~[mongodb-driver-core-5.5.1.jar!/:na]
	at com.mongodb.internal.connection.DefaultServerMonitor$ServerMonitor.lookupServerDescription(DefaultServerMonitor.java:249) ~[mongodb-driver-core-5.5.1.jar!/:na]
	at com.mongodb.internal.connection.DefaultServerMonitor$ServerMonitor.run(DefaultServerMonitor.java:176) ~[mongodb-driver-core-5.5.1.jar!/:na]
Caused by: java.net.SocketTimeoutException: Read timed out
	at java.base/sun.nio.ch.NioSocketImpl.timedRead(NioSocketImpl.java:278) ~[na:na]
	at java.base/sun.nio.ch.NioSocketImpl.implRead(NioSocketImpl.java:304) ~[na:na]
	at java.base/sun.nio.ch.NioSocketImpl.read(NioSocketImpl.java:346) ~[na:na]
	at java.base/sun.nio.ch.NioSocketImpl$1.read(NioSocketImpl.java:796) ~[na:na]
	at java.base/java.net.Socket$SocketInputStream.read(Socket.java:1099) ~[na:na]
	at java.base/sun.security.ssl.SSLSocketInputRecord.read(SSLSocketInputRecord.java:489) ~[na:na]
	at java.base/sun.security.ssl.SSLSocketInputRecord.readHeader(SSLSocketInputRecord.java:483) ~[na:na]
	at java.base/sun.security.ssl.SSLSocketInputRecord.bytesInCompletePacket(SSLSocketInputRecord.java:70) ~[na:na]
	at java.base/sun.security.ssl.SSLSocketImpl.readApplicationRecord(SSLSocketImpl.java:1461) ~[na:na]
	at java.base/sun.security.ssl.SSLSocketImpl$AppInputStream.read(SSLSocketImpl.java:1066) ~[na:na]
	at com.mongodb.internal.connection.SocketStream.read(SocketStream.java:182) ~[mongodb-driver-core-5.5.1.jar!/:na]
	at com.mongodb.internal.connection.InternalStreamConnection.receiveResponseBuffers(InternalStreamConnection.java:824) ~[mongodb-driver-core-5.5.1.jar!/:na]
	... 4 common frames omitted

2026-02-13T13:56:40.172+05:30  INFO 27895 --- [bookurmedical] [ngodb.net:27017] org.mongodb.driver.cluster               : Exception in monitor thread while connecting to server medicaltourism-shard-00-01.wopi6f.mongodb.net:27017

com.mongodb.MongoSocketReadTimeoutException: Timeout while receiving message
	at com.mongodb.internal.connection.InternalStreamConnection.createReadTimeoutException(InternalStreamConnection.java:819) ~[mongodb-driver-core-5.5.1.jar!/:na]
	at com.mongodb.internal.connection.InternalStreamConnection.translateReadException(InternalStreamConnection.java:807) ~[mongodb-driver-core-5.5.1.jar!/:na]
	at com.mongodb.internal.connection.InternalStreamConnection.receiveResponseBuffers(InternalStreamConnection.java:857) ~[mongodb-driver-core-5.5.1.jar!/:na]
	at com.mongodb.internal.connection.InternalStreamConnection.receiveCommandMessageResponse(InternalStreamConnection.java:517) ~[mongodb-driver-core-5.5.1.jar!/:na]
	at com.mongodb.internal.connection.InternalStreamConnection.receive(InternalStreamConnection.java:469) ~[mongodb-driver-core-5.5.1.jar!/:na]
	at com.mongodb.internal.connection.DefaultServerMonitor$ServerMonitor.lookupServerDescription(DefaultServerMonitor.java:249) ~[mongodb-driver-core-5.5.1.jar!/:na]
	at com.mongodb.internal.connection.DefaultServerMonitor$ServerMonitor.run(DefaultServerMonitor.java:176) ~[mongodb-driver-core-5.5.1.jar!/:na]
Caused by: java.net.SocketTimeoutException: Read timed out
	at java.base/sun.nio.ch.NioSocketImpl.timedRead(NioSocketImpl.java:278) ~[na:na]
	at java.base/sun.nio.ch.NioSocketImpl.implRead(NioSocketImpl.java:304) ~[na:na]
	at java.base/sun.nio.ch.NioSocketImpl.read(NioSocketImpl.java:346) ~[na:na]
	at java.base/sun.nio.ch.NioSocketImpl$1.read(NioSocketImpl.java:796) ~[na:na]
	at java.base/java.net.Socket$SocketInputStream.read(Socket.java:1099) ~[na:na]
	at java.base/sun.security.ssl.SSLSocketInputRecord.read(SSLSocketInputRecord.java:489) ~[na:na]
	at java.base/sun.security.ssl.SSLSocketInputRecord.readHeader(SSLSocketInputRecord.java:483) ~[na:na]
	at java.base/sun.security.ssl.SSLSocketInputRecord.bytesInCompletePacket(SSLSocketInputRecord.java:70) ~[na:na]
	at java.base/sun.security.ssl.SSLSocketImpl.readApplicationRecord(SSLSocketImpl.java:1461) ~[na:na]
	at java.base/sun.security.ssl.SSLSocketImpl$AppInputStream.read(SSLSocketImpl.java:1066) ~[na:na]
	at com.mongodb.internal.connection.SocketStream.read(SocketStream.java:182) ~[mongodb-driver-core-5.5.1.jar!/:na]
	at com.mongodb.internal.connection.InternalStreamConnection.receiveResponseBuffers(InternalStreamConnection.java:824) ~[mongodb-driver-core-5.5.1.jar!/:na]
	... 4 common frames omitted

2026-02-13T13:56:40.865+05:30  INFO 27895 --- [bookurmedical] [ngodb.net:27017] org.mongodb.driver.cluster               : Monitor thread successfully connected to server with description ServerDescription{address=medicaltourism-shard-00-00.wopi6f.mongodb.net:27017, type=REPLICA_SET_SECONDARY, cryptd=false, state=CONNECTED, ok=true, minWireVersion=0, maxWireVersion=25, maxDocumentSize=16777216, logicalSessionTimeoutMinutes=30, roundTripTimeNanos=457002958, minRoundTripTimeNanos=0, setName='atlas-13r7ne-shard-0', canonicalAddress=medicaltourism-shard-00-00.wopi6f.mongodb.net:27017, hosts=[medicaltourism-shard-00-02.wopi6f.mongodb.net:27017, medicaltourism-shard-00-00.wopi6f.mongodb.net:27017, medicaltourism-shard-00-01.wopi6f.mongodb.net:27017], passives=[], arbiters=[], primary='medicaltourism-shard-00-01.wopi6f.mongodb.net:27017', tagSet=TagSet{[Tag{name='availabilityZone', value='europe-west2-a'}, Tag{name='diskState', value='READY'}, Tag{name='nodeType', value='ELECTABLE'}, Tag{name='provider', value='GCP'}, Tag{name='region', value='EUROPE_WEST_2'}, Tag{name='workloadType', value='OPERATIONAL'}]}, electionId=null, setVersion=1, topologyVersion=TopologyVersion{processId=6988b821dd903f403d0c935f, counter=4}, lastWriteDate=Fri Feb 13 13:56:33 IST 2026, lastUpdateTimeNanos=54306996698375}
2026-02-13T13:56:40.867+05:30  INFO 27895 --- [bookurmedical] [ngodb.net:27017] org.mongodb.driver.cluster               : Monitor thread successfully connected to server with description ServerDescription{address=medicaltourism-shard-00-01.wopi6f.mongodb.net:27017, type=REPLICA_SET_PRIMARY, cryptd=false, state=CONNECTED, ok=true, minWireVersion=0, maxWireVersion=25, maxDocumentSize=16777216, logicalSessionTimeoutMinutes=30, roundTripTimeNanos=465240166, minRoundTripTimeNanos=0, setName='atlas-13r7ne-shard-0', canonicalAddress=medicaltourism-shard-00-01.wopi6f.mongodb.net:27017, hosts=[medicaltourism-shard-00-02.wopi6f.mongodb.net:27017, medicaltourism-shard-00-00.wopi6f.mongodb.net:27017, medicaltourism-shard-00-01.wopi6f.mongodb.net:27017], passives=[], arbiters=[], primary='medicaltourism-shard-00-01.wopi6f.mongodb.net:27017', tagSet=TagSet{[Tag{name='availabilityZone', value='europe-west2-b'}, Tag{name='diskState', value='READY'}, Tag{name='nodeType', value='ELECTABLE'}, Tag{name='provider', value='GCP'}, Tag{name='region', value='EUROPE_WEST_2'}, Tag{name='workloadType', value='OPERATIONAL'}]}, electionId=7fffffff0000000000000003, setVersion=1, topologyVersion=TopologyVersion{processId=6988b8484d1c8e18d9cca86f, counter=6}, lastWriteDate=Fri Feb 13 13:56:33 IST 2026, lastUpdateTimeNanos=54306998650791}
2026-02-13T13:56:40.867+05:30  INFO 27895 --- [bookurmedical] [ngodb.net:27017] org.mongodb.driver.cluster               : Discovered replica set primary medicaltourism-shard-00-01.wopi6f.mongodb.net:27017 with max election id 7fffffff0000000000000003 and max set version 1
